[debug] [2021-08-16T07:45:04.849Z] ----------------------------------------------------------------------
[debug] [2021-08-16T07:45:04.854Z] Command:       D:\Program Files\nodejs\node.exe C:\Users\ADmin\AppData\Roaming\npm\node_modules\firebase-tools\lib\bin\firebase.js init
[debug] [2021-08-16T07:45:04.855Z] CLI Version:   9.16.5
[debug] [2021-08-16T07:45:04.855Z] Platform:      win32
[debug] [2021-08-16T07:45:04.855Z] Node Version:  v14.16.1
[debug] [2021-08-16T07:45:04.857Z] Time:          Mon Aug 16 2021 13:15:04 GMT+0530 (India Standard Time)
[debug] [2021-08-16T07:45:04.857Z] ----------------------------------------------------------------------
[debug] 
[debug] [2021-08-16T07:45:04.876Z] > command requires scopes: ["email","openid","https://www.googleapis.com/auth/cloudplatformprojects.readonly","https://www.googleapis.com/auth/firebase","https://www.googleapis.com/auth/cloud-platform"]
[debug] [2021-08-16T07:45:04.877Z] > authorizing via signed-in user (mirzaanas815@gmail.com)
[info] 
     ######## #### ########  ######## ########     ###     ######  ########
     ##        ##  ##     ## ##       ##     ##  ##   ##  ##       ##
     ######    ##  ########  ######   ########  #########  ######  ######
     ##        ##  ##    ##  ##       ##     ## ##     ##       ## ##
     ##       #### ##     ## ######## ########  ##     ##  ######  ########

You're about to initialize a Firebase project in this directory:

  C:\Users\ADmin\Desktop\New folder\r\Shape AI\FSWD\netflix-clone

[info] 
=== Project Setup
[info] 
[info] First, let's associate this project directory with a Firebase project.
[info] You can create multiple project aliases by running firebase use --add, 
[info] but for now we'll just set up a default project.
[info] 
[debug] [2021-08-16T07:45:24.889Z] >>> [apiv2][query] GET https://firebase.googleapis.com/v1beta1/projects pageSize=100
[debug] [2021-08-16T07:45:25.484Z] <<< [apiv2][status] GET https://firebase.googleapis.com/v1beta1/projects 200
[debug] [2021-08-16T07:45:25.485Z] <<< [apiv2][body] GET https://firebase.googleapis.com/v1beta1/projects [omitted]
[info] i  Using project whatschat-5419f (WhatsChat) 
[info] 
=== Hosting Setup
[info] 
[info] Your public directory is the folder (relative to your project directory) that
[info] will contain Hosting assets to be uploaded with firebase deploy. If you
[info] have a build process for your assets, use your build's output directory.
[info] 
